<?xml version="1.0" encoding="UTF-8"?>
<!-- Generated by org.testng.reporters.JUnitReportReporter -->
<testsuite skipped="0" hostname="DESKTOP-GQFH89F" name="test.LoginTest" tests="1" failures="0" timestamp="08 Jun 2021 21:34:40 GMT" time="7.142" errors="0">
  <testcase name="validUserShouldBeAbleToLogin" time="7.142" classname="test.LoginTest"/>
</testsuite> <!-- test.LoginTest -->
